-------------------------------------------------------------------------------
Test set: com.dbtraining.reconx.service.TradeAnalyticsServiceTest
-------------------------------------------------------------------------------
Tests run: 2, Failures: 0, Errors: 2, Skipped: 0, Time elapsed: 0.025 s <<< FAILURE! -- in com.dbtraining.reconx.service.TradeAnalyticsServiceTest
com.dbtraining.reconx.service.TradeAnalyticsServiceTest.pnlByInstrument_parallelStream -- Time elapsed: 0.005 s <<< ERROR!
java.lang.UnsupportedOperationException: TICKET-ADV019
	at com.dbtraining.reconx.model.EquityTrade$Builder.build(EquityTrade.java:113)
	at com.dbtraining.reconx.service.TradeAnalyticsServiceTest.trade(TradeAnalyticsServiceTest.java:24)
	at com.dbtraining.reconx.service.TradeAnalyticsServiceTest.pnlByInstrument_parallelStream(TradeAnalyticsServiceTest.java:46)
	at java.base/java.lang.reflect.Method.invoke(Method.java:580)
	at java.base/java.util.ArrayList.forEach(ArrayList.java:1596)
	at java.base/java.util.ArrayList.forEach(ArrayList.java:1596)

com.dbtraining.reconx.service.TradeAnalyticsServiceTest.pnlByInstrument_mixedBuySell -- Time elapsed: 0.011 s <<< ERROR!
java.lang.UnsupportedOperationException: TICKET-ADV019
	at com.dbtraining.reconx.model.EquityTrade$Builder.build(EquityTrade.java:113)
	at com.dbtraining.reconx.service.TradeAnalyticsServiceTest.trade(TradeAnalyticsServiceTest.java:24)
	at com.dbtraining.reconx.service.TradeAnalyticsServiceTest.pnlByInstrument_mixedBuySell(TradeAnalyticsServiceTest.java:30)
	at java.base/java.lang.reflect.Method.invoke(Method.java:580)
	at java.base/java.util.ArrayList.forEach(ArrayList.java:1596)
	at java.base/java.util.ArrayList.forEach(ArrayList.java:1596)

